[    0.000000] Initializing cgroup subsys cpuset
[    0.000000] Initializing cgroup subsys cpu
[    0.000000] Initializing cgroup subsys cpuacct
[    0.000000] Linux version 4.4.0-197-generic (buildd@lgw01-amd64-040) (gcc version 5.4.0 20160609 (Ubuntu 5.4.0-6ubuntu1~16.04.12) ) #229-Ubuntu SMP Wed Nov 25 11:10:09 UTC 2020 (Ubuntu 4.4.0-197.229-generic 4.4.241)
[    0.000000] KERNEL supported cpus:
[    0.000000]   Intel GenuineIntel
[    0.000000]   AMD AuthenticAMD
[    0.000000]   NSC Geode by NSC
[    0.000000]   Cyrix CyrixInstead
[    0.000000]   Centaur CentaurHauls
[    0.000000]   Transmeta GenuineTMx86
[    0.000000]   Transmeta TransmetaCPU
[    0.000000]   UMC UMC UMC UMC
[    0.000000] x86/fpu: xstate_offset[2]:  576, xstate_sizes[2]:  256
[    0.000000] x86/fpu: Supporting XSAVE feature 0x01: 'x87 floating point registers'
[    0.000000] x86/fpu: Supporting XSAVE feature 0x02: 'SSE registers'
[    0.000000] x86/fpu: Supporting XSAVE feature 0x04: 'AVX registers'
[    0.000000] x86/fpu: Enabled xstate features 0x7, context size is 832 bytes, using 'standard' format.
[    0.000000] e820: BIOS-provided physical RAM map:
[    0.000000] BIOS-e820: [mem 0x0000000000000000-0x000000000009fbff] usable
[    0.000000] BIOS-e820: [mem 0x000000000009fc00-0x000000000009ffff] reserved
[    0.000000] BIOS-e820: [mem 0x00000000000f0000-0x00000000000fffff] reserved
[    0.000000] BIOS-e820: [mem 0x0000000000100000-0x000000003ffeffff] usable
[    0.000000] BIOS-e820: [mem 0x000000003fff0000-0x000000003fffffff] ACPI data
[    0.000000] BIOS-e820: [mem 0x00000000fec00000-0x00000000fec00fff] reserved
[    0.000000] BIOS-e820: [mem 0x00000000fee00000-0x00000000fee00fff] reserved
[    0.000000] BIOS-e820: [mem 0x00000000fffc0000-0x00000000ffffffff] reserved
[    0.000000] NX (Execute Disable) protection: active
[    0.000000] SMBIOS 2.5 present.
[    0.000000] Hypervisor detected: KVM
[    0.000000] e820: last_pfn = 0x3fff0 max_arch_pfn = 0x1000000
[    0.000000] MTRR: Disabled
[    0.000000] x86/PAT: MTRRs disabled, skipping PAT initialization too.
[    0.000000] CPU MTRRs all blank - virtualized system.
[    0.000000] x86/PAT: Configuration [0-7]: WB  WT  UC- UC  WB  WT  UC- UC  
[    0.000000] found SMP MP-table at [mem 0x0009fff0-0x0009ffff] mapped at [c009fff0]
[    0.000000] Scanning 1 areas for low memory corruption
[    0.000000] RAMDISK: [mem 0x363a6000-0x371cafff]
[    0.000000] ACPI: Early table checksum verification disabled
[    0.000000] ACPI: RSDP 0x00000000000E0000 000024 (v02 VBOX  )
[    0.000000] ACPI: XSDT 0x000000003FFF0030 00003C (v01 VBOX   VBOXXSDT 00000001 ASL  00000061)
[    0.000000] ACPI: FACP 0x000000003FFF00F0 0000F4 (v04 VBOX   VBOXFACP 00000001 ASL  00000061)
[    0.000000] ACPI: DSDT 0x000000003FFF0470 002325 (v02 VBOX   VBOXBIOS 00000002 INTL 20100528)
[    0.000000] ACPI: FACS 0x000000003FFF0200 000040
[    0.000000] ACPI: FACS 0x000000003FFF0200 000040
[    0.000000] ACPI: APIC 0x000000003FFF0240 000054 (v02 VBOX   VBOXAPIC 00000001 ASL  00000061)
[    0.000000] ACPI: SSDT 0x000000003FFF02A0 0001CC (v01 VBOX   VBOXCPUT 00000002 INTL 20100528)
[    0.000000] 131MB HIGHMEM available.
[    0.000000] 891MB LOWMEM available.
[    0.000000]   mapped low ram: 0 - 37bfe000
[    0.000000]   low ram: 0 - 37bfe000
[    0.000000] kvm-clock: Using msrs 4b564d01 and 4b564d00
[    0.000000] kvm-clock: cpu 0, msr 0:37bfd001, primary cpu clock
[    0.000000] kvm-clock: using sched offset of 3462088926 cycles
[    0.000000] clocksource: kvm-clock: mask: 0xffffffffffffffff max_cycles: 0x1cd42e4dffb, max_idle_ns: 881590591483 ns
[    0.000000] Zone ranges:
[    0.000000]   DMA      [mem 0x0000000000001000-0x0000000000ffffff]
[    0.000000]   Normal   [mem 0x0000000001000000-0x0000000037bfdfff]
[    0.000000]   HighMem  [mem 0x0000000037bfe000-0x000000003ffeffff]
[    0.000000] Movable zone start for each node
[    0.000000] Early memory node ranges
[    0.000000]   node   0: [mem 0x0000000000001000-0x000000000009efff]
[    0.000000]   node   0: [mem 0x0000000000100000-0x000000003ffeffff]
[    0.000000] Initmem setup node 0 [mem 0x0000000000001000-0x000000003ffeffff]
[    0.000000] Using APIC driver default
[    0.000000] ACPI: PM-Timer IO Port: 0x4008
[    0.000000] IOAPIC[0]: apic_id 1, version 32, address 0xfec00000, GSI 0-23
[    0.000000] ACPI: INT_SRC_OVR (bus 0 bus_irq 0 global_irq 2 dfl dfl)
[    0.000000] ACPI: INT_SRC_OVR (bus 0 bus_irq 9 global_irq 9 low level)
[    0.000000] Using ACPI (MADT) for SMP configuration information
[    0.000000] smpboot: Allowing 1 CPUs, 0 hotplug CPUs
[    0.000000] PM: Registered nosave memory: [mem 0x00000000-0x00000fff]
[    0.000000] PM: Registered nosave memory: [mem 0x0009f000-0x0009ffff]
[    0.000000] PM: Registered nosave memory: [mem 0x000a0000-0x000effff]
[    0.000000] PM: Registered nosave memory: [mem 0x000f0000-0x000fffff]
[    0.000000] e820: [mem 0x40000000-0xfebfffff] available for PCI devices
[    0.000000] Booting paravirtualized kernel on KVM
[    0.000000] clocksource: refined-jiffies: mask: 0xffffffff max_cycles: 0xffffffff, max_idle_ns: 7645519600211568 ns
[    0.000000] setup_percpu: NR_CPUS:8 nr_cpumask_bits:8 nr_cpu_ids:1 nr_node_ids:1
[    0.000000] PERCPU: Embedded 18 pages/cpu @f6394000 s43276 r0 d30452 u73728
[    0.000000] Built 1 zonelists in Zone order, mobility grouping on.  Total pages: 259800
[    0.000000] Kernel command line: BOOT_IMAGE=/boot/vmlinuz-4.4.0-197-generic root=LABEL=cloudimg-rootfs ro console=tty1 console=ttyS0
[    0.000000] PID hash table entries: 4096 (order: 2, 16384 bytes)
[    0.000000] Dentry cache hash table entries: 131072 (order: 7, 524288 bytes)
[    0.000000] Inode-cache hash table entries: 65536 (order: 6, 262144 bytes)
[    0.000000] Initializing CPU#0
[    0.000000] Initializing HighMem for node 0 (00037bfe:0003fff0)
[    0.000000] Initializing Movable for node 0 (00000000:00000000)
[    0.000000] Memory: 1008280K/1048120K available (8147K kernel code, 801K rwdata, 3204K rodata, 940K init, 788K bss, 39840K reserved, 0K cma-reserved, 135112K highmem)
[    0.000000] virtual kernel memory layout:
[    0.000000]     fixmap  : 0xfff15000 - 0xfffff000   ( 936 kB)
[    0.000000]     pkmap   : 0xffc00000 - 0xffe00000   (2048 kB)
[    0.000000]     vmalloc : 0xf83fe000 - 0xffbfe000   ( 120 MB)
[    0.000000]     lowmem  : 0xc0000000 - 0xf7bfe000   ( 891 MB)
[    0.000000]       .init : 0xc1be2000 - 0xc1ccd000   ( 940 kB)
[    0.000000]       .data : 0xc17f50f8 - 0xc1be0540   (4013 kB)
[    0.000000]       .text : 0xc1000000 - 0xc17f50f8   (8148 kB)
[    0.000000] Checking if this processor honours the WP bit even in supervisor mode...Ok.
[    0.000000] SLUB: HWalign=64, Order=0-3, MinObjects=0, CPUs=1, Nodes=1
[    0.000000] Hierarchical RCU implementation.
[    0.000000] 	Build-time adjustment of leaf fanout to 32.
[    0.000000] 	RCU restricting CPUs from NR_CPUS=8 to nr_cpu_ids=1.
[    0.000000] RCU: Adjusting geometry for rcu_fanout_leaf=32, nr_cpu_ids=1
[    0.000000] NR_IRQS:2304 nr_irqs:256 16
[    0.000000] Console: colour VGA+ 80x25
[    0.000000] console [tty1] enabled
[    0.000000] console [ttyS0] enabled
[    0.000000] allocated 1048576 bytes of page_ext
[    0.000000] tsc: Detected 2904.002 MHz processor
[    0.205404] Calibrating delay loop (skipped) preset value.. 5808.00 BogoMIPS (lpj=11616008)
[    0.207116] pid_max: default: 32768 minimum: 301
[    0.208035] ACPI: Core revision 20150930
[    0.210357] ACPI: 2 ACPI AML tables successfully acquired and loaded
[    0.211699] Security Framework initialized
[    0.212597] Yama: becoming mindful.
[    0.213406] AppArmor: AppArmor initialized
[    0.214291] Mount-cache hash table entries: 2048 (order: 1, 8192 bytes)
[    0.215487] Mountpoint-cache hash table entries: 2048 (order: 1, 8192 bytes)
[    0.216905] Initializing cgroup subsys io
[    0.217736] Initializing cgroup subsys memory
[    0.218587] Initializing cgroup subsys devices
[    0.219460] Initializing cgroup subsys freezer
[    0.220323] Initializing cgroup subsys net_cls
[    0.221398] Initializing cgroup subsys perf_event
[    0.222320] Initializing cgroup subsys net_prio
[    0.223434] Initializing cgroup subsys hugetlb
[    0.224478] Initializing cgroup subsys pids
[    0.227710] mce: CPU supports 0 MCE banks
[    0.228813] process: using mwait in idle threads
[    0.229916] Last level iTLB entries: 4KB 64, 2MB 8, 4MB 8
[    0.231032] Last level dTLB entries: 4KB 64, 2MB 0, 4MB 0, 1GB 4
[    0.232284] Spectre V1 : Mitigation: usercopy/swapgs barriers and __user pointer sanitization
[    0.234192] Spectre V2 : Mitigation: Full generic retpoline
[    0.235360] Spectre V2 : Spectre v2 / SpectreRSB mitigation: Filling RSB on context switch
[    0.237161] Speculative Store Bypass: Vulnerable
[    0.238236] SRBDS: Unknown: Dependent on hypervisor status
[    0.240150] MDS: Mitigation: Clear CPU buffers
[    0.269347] Freeing SMP alternatives memory: 36K
[    0.276353] ftrace: allocating 31633 entries in 62 pages
[    0.344936] smpboot: APIC(0) Converting physical 0 to logical package 0
[    0.346412] smpboot: Max logical packages: 1
[    0.347441] Enabling APIC mode:  Flat.  Using 1 I/O APICs
[    0.350448] ..TIMER: vector=0x30 apic1=0 pin1=2 apic2=-1 pin2=-1
[    0.459829] smpboot: CPU0: Intel(R) Core(TM) i7-7500U CPU @ 2.70GHz (family: 0x6, model: 0x8e, stepping: 0x9)
[    0.462163] Performance Events: unsupported p6 CPU model 142 no PMU driver, software events only.
[    0.473205] KVM setup paravirtual spinlock
[    0.474667] x86: Booted up 1 node, 1 CPUs
[    0.475568] smpboot: Total of 1 processors activated (5808.00 BogoMIPS)
[    0.477325] devtmpfs: initialized
[    0.478309] evm: security.selinux
[    0.479120] evm: security.SMACK64
[    0.479932] evm: security.SMACK64EXEC
[    0.480816] evm: security.SMACK64TRANSMUTE
[    0.481743] evm: security.SMACK64MMAP
[    0.482601] evm: security.ima
[    0.483399] evm: security.capability
[    0.484430] clocksource: jiffies: mask: 0xffffffff max_cycles: 0xffffffff, max_idle_ns: 7645041785100000 ns
[    0.486484] futex hash table entries: 256 (order: 2, 16384 bytes)
[    0.487766] pinctrl core: initialized pinctrl subsystem
[    0.488985] RTC time: 16:44:42, date: 01/05/21
[    0.490100] NET: Registered protocol family 16
[    0.491255] EISA bus registered
[    0.492028] cpuidle: using governor ladder
[    0.492964] cpuidle: using governor menu
[    0.494171] PCCT header not found.
[    0.495493] ACPI: bus type PCI registered
[    0.496754] acpiphp: ACPI Hot Plug PCI Controller Driver version: 0.5
[    0.498710] PCI : PCI BIOS area is rw and x. Use pci=nobios if you want it NX.
[    0.500352] PCI: PCI BIOS revision 2.10 entry at 0xfda26, last bus=0
[    0.501659] PCI: Using configuration type 1 for base access
[    0.503966] ACPI: Added _OSI(Module Device)
[    0.504976] ACPI: Added _OSI(Processor Device)
[    0.505926] ACPI: Added _OSI(3.0 _SCP Extensions)
[    0.506898] ACPI: Added _OSI(Processor Aggregator Device)
[    0.508567] ACPI: Executed 1 blocks of module-level executable AML code
[    0.512288] ACPI: Interpreter enabled
[    0.513262] ACPI: (supports S0 S5)
[    0.514157] ACPI: Using IOAPIC for interrupt routing
[    0.515405] PCI: Using host bridge windows from ACPI; if necessary, use "pci=nocrs" and report a bug
[    0.530294] ACPI: PCI Root Bridge [PCI0] (domain 0000 [bus 00-ff])
[    0.531543] acpi PNP0A03:00: _OSC: OS supports [ASPM ClockPM Segments MSI]
[    0.533188] acpi PNP0A03:00: _OSC: not requesting OS control; OS requires [ExtendedConfig ASPM ClockPM MSI]
[    0.535138] acpi PNP0A03:00: fail to add MMCONFIG information, can't access extended PCI configuration space under this bridge.
[    0.537697] PCI host bridge to bus 0000:00
[    0.538614] pci_bus 0000:00: root bus resource [io  0x0000-0x0cf7 window]
[    0.539913] pci_bus 0000:00: root bus resource [io  0x0d00-0xffff window]
[    0.541249] pci_bus 0000:00: root bus resource [mem 0x000a0000-0x000bffff window]
[    0.542901] pci_bus 0000:00: root bus resource [mem 0x40000000-0xfdffffff window]
[    0.545373] pci_bus 0000:00: root bus resource [bus 00-ff]
[    0.548869] pci 0000:00:01.1: legacy IDE quirk: reg 0x10: [io  0x01f0-0x01f7]
[    0.550251] pci 0000:00:01.1: legacy IDE quirk: reg 0x14: [io  0x03f6]
[    0.551527] pci 0000:00:01.1: legacy IDE quirk: reg 0x18: [io  0x0170-0x0177]
[    0.552984] pci 0000:00:01.1: legacy IDE quirk: reg 0x1c: [io  0x0376]
[    0.568585] pci 0000:00:07.0: quirk: [io  0x4000-0x403f] claimed by PIIX4 ACPI
[    0.570190] pci 0000:00:07.0: quirk: [io  0x4100-0x410f] claimed by PIIX4 SMB
[    0.580343] ACPI: PCI Interrupt Link [LNKA] (IRQs 5 9 10 *11)
[    0.582351] ACPI: PCI Interrupt Link [LNKB] (IRQs 5 9 *10 11)
[    0.584497] ACPI: PCI Interrupt Link [LNKC] (IRQs 5 *9 10 11)
[    0.586086] ACPI: PCI Interrupt Link [LNKD] (IRQs 5 9 10 *11)
[    0.587995] ACPI: Enabled 2 GPEs in block 00 to 07
[    0.589484] vgaarb: setting as boot device: PCI:0000:00:02.0
[    0.590642] vgaarb: device added: PCI:0000:00:02.0,decodes=io+mem,owns=io+mem,locks=none
[    0.592506] vgaarb: loaded
[    0.593222] vgaarb: bridge control possible 0000:00:02.0
[    0.594756] SCSI subsystem initialized
[    0.595772] ACPI: bus type USB registered
[    0.596763] usbcore: registered new interface driver usbfs
[    0.597936] usbcore: registered new interface driver hub
[    0.599049] usbcore: registered new device driver usb
[    0.600215] PCI: Using ACPI for IRQ routing
[    0.601501] NetLabel: Initializing
[    0.602318] NetLabel:  domain hash size = 128
[    0.603261] NetLabel:  protocols = UNLABELED CIPSOv4
[    0.604295] NetLabel:  unlabeled traffic allowed by default
[    0.605734] amd_nb: Cannot enumerate AMD northbridges
[    0.606821] clocksource: Switched to clocksource kvm-clock
[    0.617094] AppArmor: AppArmor Filesystem Enabled
[    0.618261] pnp: PnP ACPI init
[    0.619850] pnp: PnP ACPI: found 3 devices
[    0.620836] PnPBIOS: Disabled by ACPI PNP
[    0.657369] clocksource: acpi_pm: mask: 0xffffff max_cycles: 0xffffff, max_idle_ns: 2085701024 ns
[    0.659321] NET: Registered protocol family 2
[    0.660532] TCP established hash table entries: 8192 (order: 3, 32768 bytes)
[    0.661898] TCP bind hash table entries: 8192 (order: 4, 65536 bytes)
[    0.663227] TCP: Hash tables configured (established 8192 bind 8192)
[    0.664530] UDP hash table entries: 512 (order: 2, 16384 bytes)
[    0.665736] UDP-Lite hash table entries: 512 (order: 2, 16384 bytes)
[    0.667041] NET: Registered protocol family 1
[    0.668264] pci 0000:00:00.0: Limiting direct PCI/PCI transfers
[    0.669635] pci 0000:00:01.0: Activating ISA DMA hang workarounds
[    0.671151] Unpacking initramfs...
[    0.927695] Freeing initrd memory: 14484K
[    0.928992] clocksource: tsc: mask: 0xffffffffffffffff max_cycles: 0x29dc079b5d9, max_idle_ns: 440795223751 ns
[    0.931470] platform rtc_cmos: registered platform RTC device (no PNP device found)
[    0.933422] Scanning for low memory corruption every 60 seconds
[    0.935061] audit: initializing netlink subsys (disabled)
[    0.936418] audit: type=2000 audit(1609865088.469:1): initialized
[    0.938079] Initialise system trusted keyring
[    0.939247] HugeTLB registered 2 MB page size, pre-allocated 0 pages
[    0.941939] zbud: loaded
[    0.942818] VFS: Disk quotas dquot_6.6.0
[    0.944534] VFS: Dquot-cache hash table entries: 1024 (order 0, 4096 bytes)
[    0.946677] squashfs: version 4.0 (2009/01/31) Phillip Lougher
[    0.948294] fuse init (API version 7.23)
[    0.949448] Key type big_key registered
[    0.950568] Allocating IMA MOK and blacklist keyrings.
[    0.952037] Key type asymmetric registered
[    0.953109] Asymmetric key parser 'x509' registered
[    0.954343] bounce: pool size: 64 pages
[    0.955416] Block layer SCSI generic (bsg) driver version 0.4 loaded (major 249)
[    0.957329] io scheduler noop registered
[    0.958355] io scheduler deadline registered (default)
[    0.959734] io scheduler cfq registered
[    0.960984] pci_hotplug: PCI Hot Plug PCI Core version: 0.5
[    0.962207] pciehp: PCI Express Hot Plug Controller Driver version: 0.4
[    0.964119] ACPI: AC Adapter [AC] (off-line)
[    0.965218] input: Power Button as /devices/LNXSYSTM:00/LNXPWRBN:00/input/input0
[    0.966975] ACPI: Power Button [PWRF]
[    0.967995] input: Sleep Button as /devices/LNXSYSTM:00/LNXSLPBN:00/input/input1
[    0.969913] ACPI: Sleep Button [SLPF]
[    0.971661] ACPI: Battery Slot [BAT0] (battery present)
[    0.972846] GHES: HEST is not enabled!
[    0.973859] isapnp: Scanning for PnP cards...
[    0.980538] Serial: 8250/16550 driver, 32 ports, IRQ sharing enabled
[    1.002678] 00:02: ttyS0 at I/O 0x3f8 (irq = 4, base_baud = 115200) is a 16550A
[    1.049660] Linux agpgart interface v0.103
[    1.052139] loop: module loaded
[    1.057101] scsi host0: ata_piix
[    1.058076] scsi host1: ata_piix
[    1.059018] ata1: PATA max UDMA/33 cmd 0x1f0 ctl 0x3f6 bmdma 0xd000 irq 14
[    1.060924] ata2: PATA max UDMA/33 cmd 0x170 ctl 0x376 bmdma 0xd008 irq 15
[    1.063142] libphy: Fixed MDIO Bus: probed
[    1.064193] tun: Universal TUN/TAP device driver, 1.6
[    1.065459] tun: (C) 1999-2004 Max Krasnyansky <maxk@qualcomm.com>
[    1.111906] PPP generic driver version 2.4.2
[    1.112899] ehci_hcd: USB 2.0 'Enhanced' Host Controller (EHCI) Driver
[    1.114152] ehci-pci: EHCI PCI platform driver
[    1.115303] ehci-platform: EHCI generic platform driver
[    1.116372] ohci_hcd: USB 1.1 'Open' Host Controller (OHCI) Driver
[    1.117572] ohci-pci: OHCI PCI platform driver
[    1.118513] ohci-platform: OHCI generic platform driver
[    1.119601] uhci_hcd: USB Universal Host Controller Interface driver
[    1.120886] i8042: PNP: PS/2 Controller [PNP0303:PS2K,PNP0f03:PS2M] at 0x60,0x64 irq 1,12
[    1.123184] serio: i8042 KBD port at 0x60,0x64 irq 1
[    1.124848] serio: i8042 AUX port at 0x60,0x64 irq 12
[    1.126699] mousedev: PS/2 mouse device common for all mice
[    1.129022] input: AT Translated Set 2 keyboard as /devices/platform/i8042/serio0/input/input2
[    1.132404] rtc_cmos rtc_cmos: rtc core: registered rtc_cmos as rtc0
[    1.133848] rtc_cmos rtc_cmos: alarms up to one day, 114 bytes nvram
[    1.135207] i2c /dev entries driver
[    1.136273] device-mapper: uevent: version 1.0.3
[    1.137372] device-mapper: ioctl: 4.34.0-ioctl (2015-10-28) initialised: dm-devel@redhat.com
[    1.139255] platform eisa.0: Probing EISA bus 0
[    1.140313] platform eisa.0: EISA: Cannot allocate resource for mainboard
[    1.141763] platform eisa.0: Cannot allocate resource for EISA slot 1
[    1.143380] platform eisa.0: Cannot allocate resource for EISA slot 2
[    1.145016] platform eisa.0: Cannot allocate resource for EISA slot 3
[    1.148360] platform eisa.0: Cannot allocate resource for EISA slot 4
[    1.151355] platform eisa.0: Cannot allocate resource for EISA slot 5
[    1.153254] platform eisa.0: Cannot allocate resource for EISA slot 6
[    1.154706] platform eisa.0: Cannot allocate resource for EISA slot 7
[    1.156283] platform eisa.0: Cannot allocate resource for EISA slot 8
[    1.157753] platform eisa.0: EISA: Detected 0 cards
[    1.159011] cpufreq-nforce2: No nForce2 chipset.
[    1.206194] ledtrig-cpu: registered to indicate activity on CPUs
[    1.207918] NET: Registered protocol family 10
[    1.209265] NET: Registered protocol family 17
[    1.210760] Key type dns_resolver registered
[    1.241372] Using IPI No-Shortcut mode
[    1.242505] registered taskstats version 1
[    1.244474] Loading compiled-in X.509 certificates
[    1.251390] Loaded X.509 cert 'Build time autogenerated kernel key: 79dffaa6e50c79afb1b130c01a68874bd090d6f4'
[    1.253731] zswap: loaded using pool lzo/zbud
[    1.256508] Key type trusted registered
[    1.307239] Key type encrypted registered
[    1.308251] AppArmor: AppArmor sha1 policy hashing enabled
[    1.309491] ima: No TPM chip found, activating TPM-bypass!
[    1.311146] ima: Allocated hash algorithm: sha1
[    1.314102] evm: HMAC attrs: 0x1
[    1.316000]   Magic number: 5:724:741
[    1.316992] workqueue writeback: hash matches
[    1.318120] rtc_cmos rtc_cmos: setting system clock to 2021-01-05 16:44:43 UTC (1609865083)
[    1.320255] BIOS EDD facility v0.16 2004-Jun-25, 0 devices found
[    1.321636] EDD information not available.
[    1.502674] isapnp: No Plug & Play device found
[    1.504042] Freeing unused kernel memory: 940K
[    1.505204] Write protecting the kernel text: 8152k
[    1.506398] Write protecting the kernel read-only data: 3208k
[    1.507813] NX-protecting the kernel data: 6184k
Loading, please wait...
starting version 229
[    1.521800] random: udevadm: uninitialized urandom read (16 bytes read, 2 bits of entropy available)
[    1.524539] random: systemd-udevd: uninitialized urandom read (16 bytes read, 2 bits of entropy available)
[    1.527565] random: systemd-udevd: uninitialized urandom read (16 bytes read, 2 bits of entropy available)
[    1.529773] random: systemd-udevd: uninitialized urandom read (16 bytes read, 2 bits of entropy available)
[    1.556210] random: udevadm: uninitialized urandom read (16 bytes read, 2 bits of entropy available)
[    1.558594] random: udevadm: uninitialized urandom read (16 bytes read, 2 bits of entropy available)
[    1.588881] random: udevadm: uninitialized urandom read (16 bytes read, 2 bits of entropy available)
[    1.594016] random: udevadm: uninitialized urandom read (16 bytes read, 2 bits of entropy available)
[    1.599335] random: udevadm: uninitialized urandom read (16 bytes read, 2 bits of entropy available)
[    1.601752] random: udevadm: uninitialized urandom read (16 bytes read, 2 bits of entropy available)
[    1.661879] e1000: Intel(R) PRO/1000 Network Driver - version 7.3.21-k8-NAPI
[    1.663438] e1000: Copyright (c) 1999-2006 Intel Corporation.
[    1.673861] Fusion MPT base driver 3.04.20
[    1.674931] Copyright (c) 1999-2008 LSI Corporation
[    1.728706] Fusion MPT SPI Host driver 3.04.20
[    1.890442] input: ImExPS/2 Generic Explorer Mouse as /devices/platform/i8042/serio1/input/input4
[    2.103357] e1000 0000:00:03.0 eth0: (PCI:33MHz:32-bit) 02:8d:62:56:36:bf
[    2.105066] e1000 0000:00:03.0 eth0: Intel(R) PRO/1000 Network Connection
[    2.107473] mptbase: ioc0: Initiating bringup
[    2.171279] ioc0: LSI53C1030 A0: Capabilities={Initiator}
[    2.334170] scsi host2: ioc0: LSI53C1030 A0, FwRev=00000000h, Ports=1, MaxQ=256, IRQ=20
[    2.448726] scsi 2:0:0:0: Direct-Access     VBOX     HARDDISK         1.0  PQ: 0 ANSI: 5
[    2.450998] scsi target2:0:0: Beginning Domain Validation
[    2.454621] scsi target2:0:0: Domain Validation skipping write tests
[    2.456069] scsi target2:0:0: Ending Domain Validation
[    2.457252] scsi target2:0:0: asynchronous
[    2.458731] scsi 2:0:1:0: Direct-Access     VBOX     HARDDISK         1.0  PQ: 0 ANSI: 5
[    2.460992] scsi target2:0:1: Beginning Domain Validation
[    2.464467] scsi target2:0:1: Domain Validation skipping write tests
[    2.465858] scsi target2:0:1: Ending Domain Validation
[    2.467301] scsi target2:0:1: asynchronous
[    2.474149] sd 2:0:0:0: Attached scsi generic sg0 type 0
[    2.480486] sd 2:0:0:0: [sda] 20971520 512-byte logical blocks: (10.7 GB/10.0 GiB)
[    2.483064] sd 2:0:1:0: [sdb] 20480 512-byte logical blocks: (10.5 MB/10.0 MiB)
[    2.485291] sd 2:0:1:0: Attached scsi generic sg1 type 0
[    2.487213] sd 2:0:0:0: [sda] Write Protect is off
[    2.489240] sd 2:0:1:0: [sdb] Write Protect is off
[    2.490968] sd 2:0:1:0: [sdb] Incomplete mode parameter data
[    2.492617] sd 2:0:1:0: [sdb] Assuming drive cache: write through
[    2.499411] sd 2:0:0:0: [sda] Incomplete mode parameter data
[    2.500968] sd 2:0:0:0: [sda] Assuming drive cache: write through
[    2.508674]  sda: sda1
[    2.511238] sd 2:0:0:0: [sda] Attached SCSI disk
[    2.512517] sd 2:0:1:0: [sdb] Attached SCSI disk
[    2.860704] e1000 0000:00:08.0 eth1: (PCI:33MHz:32-bit) 08:00:27:d1:7a:37
[    2.862475] e1000 0000:00:08.0 eth1: Intel(R) PRO/1000 Network Connection
[    2.865252] e1000 0000:00:08.0 enp0s8: renamed from eth1
[    2.868834] e1000 0000:00:03.0 enp0s3: renamed from eth0
Begin: Loading essential drivers ... [    4.302340] md: linear personality registered for level -1
[    4.308947] md: multipath personality registered for level -4
[    4.314692] md: raid0 personality registered for level 0
[    4.320868] md: raid1 personality registered for level 1
[    4.394903] raid6: mmxx1    gen()  5940 MB/s
[    4.463263] raid6: mmxx2    gen()  6756 MB/s
[    4.530906] raid6: sse1x1   gen()  5880 MB/s
[    4.598877] raid6: sse1x2   gen()  6725 MB/s
[    4.667241] raid6: sse2x1   gen() 10148 MB/s
[    4.735022] raid6: sse2x1   xor()  7187 MB/s
[    4.802872] raid6: sse2x2   gen() 11346 MB/s
[    4.871175] raid6: sse2x2   xor()  9835 MB/s
[    4.939010] raid6: avx2x1   gen() 23446 MB/s
[    5.007046] raid6: avx2x2   gen() 24747 MB/s
[    5.008070] raid6: using algorithm avx2x2 gen() 24747 MB/s
[    5.009354] raid6: using avx2x1 recovery algorithm
[    5.013877] xor: automatically using best checksumming function:
[    5.051249]    avx       : 27159.000 MB/sec
[    5.055075] async_tx: api initialized (async)
[    5.075831] md: raid6 personality registered for level 6
[    5.076964] md: raid5 personality registered for level 5
[    5.078026] md: raid4 personality registered for level 4
[    5.086243] md: raid10 personality registered for level 10
done.
Begin: Running /scripts/init-premount ... done.
Begin: Mounting root file system ... Begin: Running /scripts/local-top ... done.
Begin: Running /scripts/local-premount ... [    5.131681] Btrfs loaded
Scanning for Btrfs filesystems
done.
Warning: fsck not present, so skipping root file system
[    5.170620] EXT4-fs (sda1): INFO: recovery required on readonly filesystem
[    5.172204] EXT4-fs (sda1): write access will be enabled during recovery
[    5.425178] EXT4-fs (sda1): orphan cleanup on readonly fs
[    5.427381] EXT4-fs (sda1): 6 orphan inodes deleted
[    5.428599] EXT4-fs (sda1): recovery complete
[    5.430371] EXT4-fs (sda1): mounted filesystem with ordered data mode. Opts: (null)
done.
Begin: Running /scripts/local-bottom ... done.
Begin: Running /scripts/init-bottom ... done.
[    5.600427] systemd[1]: systemd 229 running in system mode. (+PAM +AUDIT +SELINUX +IMA +APPARMOR +SMACK +SYSVINIT +UTMP +LIBCRYPTSETUP +GCRYPT +GNUTLS +ACL +XZ -LZ4 +SECCOMP +BLKID +ELFUTILS +KMOD -IDN)
[    5.604573] systemd[1]: Detected virtualization oracle.
[    5.605876] systemd[1]: Detected architecture x86.

Welcome to [1mUbuntu 16.04.7 LTS[0m!

[    5.613394] systemd[1]: Set hostname to <web>.
[    5.821268] systemd[1]: Started Trigger resolvconf update for networkd DNS.
[[0;32m  OK  [0m] Started Trigger resolvconf update for networkd DNS.
[    5.824926] systemd[1]: Created slice System Slice.
[[0;32m  OK  [0m] Created slice System Slice.
[    5.827348] systemd[1]: Created slice system-serial\x2dgetty.slice.
[[0;32m  OK  [0m] Created slice system-serial\x2dgetty.slice.
[    5.829993] systemd[1]: Created slice User and Session Slice.
[[0;32m  OK  [0m] Created slice User and Session Slice.
[    5.833243] systemd[1]: Listening on LVM2 metadata daemon socket.
[[0;32m  OK  [0m] Listening on LVM2 metadata daemon socket.
[    5.843728] systemd[1]: Listening on udev Control Socket.
[[0;32m  OK  [0m] Listening on udev Control Socket.
[    5.846179] systemd[1]: Reached target Swap.
[[0;32m  OK  [0m] Reached target Swap.
[    5.848161] systemd[1]: Reached target User and Group Name Lookups.
[[0;32m  OK  [0m] Reached target User and Group Name Lookups.
[    5.855236] systemd[1]: Reached target System Time Synchronized.
[[0;32m  OK  [0m] Reached target System Time Synchronized.
[    5.858555] systemd[1]: Listening on Journal Socket.
[[0;32m  OK  [0m] Listening on Journal Socket.
[    5.861471] systemd[1]: Starting Remount Root and Kernel File Systems...
         Starting Remount Root and Kernel File Systems...
[    5.868003] systemd[1]: Starting Load Kernel Modules...
         Starting Load Kernel Modules...
[    5.876584] systemd[1]: Starting Uncomplicated firewall...
         Starting Uncomplicated firewall...
[    5.884449] systemd[1]: Starting Nameserver information manager...
         Starting Nameserver information manager...
[    5.888581] EXT4-fs (sda1): re-mounted. Opts: (null)
[    5.892270] systemd[1]: Mounting POSIX Message Queue File System...
         Mounting POSIX Message Queue File System...
[    5.898664] systemd[1]: Set up automount Arbitrary Executable File Formats File System Automount Point.
[    5.903094] Loading iSCSI transport class v2.0-870.
[[0;32m  OK  [0m] Set up automount Arbitrary Executab...ats File System Automount Point.
[    5.916903] systemd[1]: Starting Create list of required static device nodes for the current kernel...
         Starting Create list of required st... nodes for the current kernel...
[    5.922940] systemd[1]: Listening on Journal Audit Socket.
[[0;32m  OK  [0m] Listening on Journal Audit Socket.
[    5.927886] systemd[1]: Listening on /dev/initctl Compatibility Named Pipe.
[    5.931631] iscsi: registered transport (tcp)
[[0;32m  OK  [0m] Listening on /dev/initctl Compatibility Named Pipe.
[    5.935146] systemd[1]: Starting Set console keymap...
         Starting Set console keymap...
[    5.940395] systemd[1]: Mounting Debug File System...
         Mounting Debug File System...
[    5.945729] systemd[1]: Listening on Journal Socket (/dev/log).
[[0;32m  OK  [0m] Listening on Journal Socket (/dev/log).
[    5.950790] systemd[1]: Listening on Device-mapper event daemon FIFOs.
[[0;32m  OK  [0m] Listening on Device-mapper event daemon FIFOs.
[    5.956450] random: nonblocking pool is initialized
[    5.967637] systemd[1]: Starting Monitoring of LVM2 mirrors, snapshots etc. using dmeventd or progress polling...
         Starting Monitoring of LVM2 mirrors... dmeventd or progress polling...
[    5.973494] systemd[1]: Started Forward Password Requests to Wall Directory Watch.
[[0;32m  OK  [0m] Started Forward Password Requests to Wall Directory Watch.
[    5.978329] systemd[1]: Listening on udev Kernel Socket.
[[0;32m  OK  [0m] Listening on udev Kernel Socket.
[    5.981294] systemd[1]: Reached target Slices.
[[0;32m  OK  [0m] Reached target Slices.
[    5.992259] systemd[1]: Mounting Huge Pages File System...
         Mounting Huge Pages File System...
[    5.999064] systemd[1]: Listening on Syslog Socket.
[[0;32m  OK  [0m] Listening on Syslog Socket.
[    6.007652] systemd[1]: Starting Journal Service...
         Starting Journal Service...
[    6.009832] systemd[1]: Reached target Encrypted Volumes.
[[0;32m  OK  [0m] Reached target Encrypted Volumes.
[    6.015132] systemd[1]: Listening on LVM2 poll daemon socket.
[[0;32m  OK  [0m] Listening on LVM2 poll daemon socket.
[    6.020216] systemd[1]: Mounted Debug File System.
[[0;32m  OK  [0m] Mounted Debug File System.
[    6.021915] systemd[1]: Mounted POSIX Message Queue File System.
[[0;32m  OK  [0m] Mounted POSIX Message Queue File System.
[    6.031376] systemd[1]: Mounted Huge Pages File System.
[[0;32m  OK  [0m] Mounted Huge Pages File System.
[    6.042801] systemd[1]: Started Remount Root and Kernel File Systems.
[[0;32m  OK  [0m] Started Remount Root and Kernel File Systems.
[    6.059405] systemd[1]: Started Uncomplicated firewall.
[[0;32m  OK  [0m] Started Uncomplicated firewall.
[    6.068427] systemd[1]: Started Create list of required static device nodes for the current kernel.
[    6.071409] iscsi: registered transport (iser)
[[0;32m  OK  [0m] Started Create list of required sta...ce nodes for the current kernel.
[    6.076463] systemd[1]: Started Load Kernel Modules.
[[0;32m  OK  [0m] Started Load Kernel Modules.
[    6.083566] systemd[1]: Started Nameserver information manager.
[[0;32m  OK  [0m] Started Nameserver information manager.
[    6.093701] systemd[1]: Started LVM2 metadata daemon.
[[0;32m  OK  [0m] Started LVM2 metadata daemon.
[    6.104366] systemd[1]: Starting Apply Kernel Variables...
         Starting Apply Kernel Variables...
[    6.108448] systemd[1]: Mounting FUSE Control File System...
         Mounting FUSE Control File System...
[    6.115989] systemd[1]: Starting Create Static Device Nodes in /dev...
         Starting Create Static Device Nodes in /dev...
[    6.126793] systemd[1]: Starting udev Coldplug all Devices...
         Starting udev Coldplug all Devices...
[    6.133752] systemd[1]: Starting Load/Save Random Seed...
         Starting Load/Save Random Seed...
[[0;32m  OK  [0m] Mounted FUSE Control File System.
[[0;32m  OK  [0m] Started Apply Kernel Variables.
[[0;32m  OK  [0m] Started Load/Save Random Seed.
[[0;32m  OK  [0m] Started Create Static Device Nodes in /dev.
         Starting udev Kernel Device Manager...
[[0;32m  OK  [0m] Started Journal Service.
         Starting Flush Journal to Persistent Storage...
[[0;32m  OK  [0m] Started udev Kernel Device Manager.
[[0;32m  OK  [0m] Started Flush Journal to Persistent Storage.
[[0;32m  OK  [0m] Started Set console keymap.
[[0;32m  OK  [0m] Started udev Coldplug all Devices.
[[0;32m  OK  [0m] Started Dispatch Password Requests to Console Directory Watch.
[[0;32m  OK  [0m] Found device /dev/ttyS0.
[[0;32m  OK  [0m] Listening on Load/Save RF Kill Switch Status /dev/rfkill Watch.
[[0;32m  OK  [0m] Started Monitoring of LVM2 mirrors,...ng dmeventd or progress polling.
[[0;32m  OK  [0m] Reached target Local File Systems (Pre).
         Mounting /vagrant...
[[0;32m  OK  [0m] Reached target Local File Systems.
         Starting Tell Plymouth To Write Out Runtime Data...
         Starting Initial cloud-init job (pre-networking)...
         Starting Create Volatile Files and Directories...
         Starting LSB: AppArmor initialization...
         Starting Set console font and keymap...
         Mounting /var/www/portalgece...
[[0;1;31mFAILED[0m] Failed to mount /vagrant.
See 'systemctl status vagrant.mount' for details.
[[0;32m  OK  [0m] Started Tell Plymouth To Write Out Runtime Data.
[[0;32m  OK  [0m] Started Create Volatile Files and Directories.
[[0;1;31mFAILED[0m] Failed to mount /var/www/portalgece.
See 'systemctl status var-www-portalgece.mount' for details.
         Starting Update UTMP about System Boot/Shutdown...
[[0;32m  OK  [0m] Started Update UTMP about System Boot/Shutdown.
[[0;32m  OK  [0m] Found device 82540EM Gigabit Ethern...r (PRO/1000 MT Desktop Adapter).
[[0;32m  OK  [0m] Started LSB: AppArmor initialization.
[[0;32m  OK  [0m] Found device 82540EM Gigabit Ethern...r (PRO/1000 MT Desktop Adapter).
         Starting Load AppArmor profiles managed internally by snapd...
[[0;32m  OK  [0m] Started Load AppArmor profiles managed internally by snapd.
[[0;32m  OK  [0m] Started Set console font and keymap.
[[0;32m  OK  [0m] Created slice system-getty.slice.
[    8.649548] cloud-init[655]: Cloud-init v. 20.3-2-g371b392c-0ubuntu1~16.04.1 running 'init-local' at Tue, 05 Jan 2021 16:44:50 +0000. Up 8.25 seconds.
[[0;32m  OK  [0m] Started Initial cloud-init job (pre-networking).
[[0;32m  OK  [0m] Reached target Network (Pre).
         Starting Raise network interfaces...
[[0;32m  OK  [0m] Started ifup for enp0s8.
[[0;32m  OK  [0m] Started ifup for enp0s3.
[[0;32m  OK  [0m] Started Raise network interfaces.
         Starting Initial cloud-init job (metadata service crawler)...
[[0;32m  OK  [0m] Reached target Network.
[   10.114451] cloud-init[1112]: Cloud-init v. 20.3-2-g371b392c-0ubuntu1~16.04.1 running 'init' at Tue, 05 Jan 2021 16:44:52 +0000. Up 9.66 seconds.
[   10.116087] cloud-init[1112]: ci-info: ++++++++++++++++++++++++++++++++++++++Net device info+++++++++++++++++++++++++++++++++++++++
[   10.124577] cloud-init[1112]: ci-info: +--------+------+-----------------------------+---------------+--------+-------------------+
[   10.126219] cloud-init[1112]: ci-info: | Device |  Up  |           Address           |      Mask     | Scope  |     Hw-Address    |
[   10.127883] cloud-init[1112]: ci-info: +--------+------+-----------------------------+---------------+--------+-------------------+
[   10.133627] cloud-init[1112]: ci-info: | enp0s3 | True |          10.0.2.15          | 255.255.255.0 | global | 02:8d:62:56:36:bf |
[   10.140406] cloud-init[1112]: ci-info: | enp0s3 | True |  fe80::8d:62ff:fe56:36bf/64 |       .       |  link  | 02:8d:62:56:36:bf |
[   10.141905] cloud-init[1112]: ci-info: | enp0s8 | True |        192.168.83.141       | 255.255.255.0 | global | 08:00:27:d1:7a:37 |
[   10.148488] cloud-init[1112]: ci-info: | enp0s8 | True | fe80::a00:27ff:fed1:7a37/64 |       .       |  link  | 08:00:27:d1:7a:37 |
[   10.156790] cloud-init[1112]: ci-info: |   lo   | True |          127.0.0.1          |   255.0.0.0   |  host  |         .         |
[   10.158600] cloud-init[1112]: ci-info: |   lo   | True |           ::1/128           |       .       |  host  |         .         |
[   10.160583] cloud-init[1112]: ci-info: +--------+------+-----------------------------+---------------+--------+-------------------+
[   10.161978] cloud-init[1112]: ci-info: ++++++++++++++++++++++++++++Route IPv4 info++++++++++++++++++++++++++++
[   10.164494] cloud-init[1112]: ci-info: +-------+--------------+----------+---------------+-----------+-------+
[   10.165848] cloud-init[1112]: ci-info: | Route | Destination  | Gateway  |    Genmask    | Interface | Flags |
[   10.167168] cloud-init[1112]: ci-info: +-------+--------------+----------+---------------+-----------+-------+
[   10.168437] cloud-init[1112]: ci-info: |   0   |   0.0.0.0    | 10.0.2.2 |    0.0.0.0    |   enp0s3  |   UG  |
[   10.172346] cloud-init[1112]: ci-info: |   1   |   10.0.2.0   | 0.0.0.0  | 255.255.255.0 |   enp0s3  |   U   |
[   10.173684] cloud-init[1112]: ci-info: |   2   | 192.168.83.0 | 0.0.0.0  | 255.255.255.0 |   enp0s8  |   U   |
[   10.180550] cloud-init[1112]: ci-info: +-------+--------------+----------+---------------+-----------+-------+
[   10.181994] cloud-init[1112]: ci-info: +++++++++++++++++++Route IPv6 info+++++++++++++++++++
[   10.188476] cloud-init[1112]: ci-info: +-------+-------------+---------+-----------+-------+
[   10.189751] cloud-init[1112]: ci-info: | Route | Destination | Gateway | Interface | Flags |
[   10.196775] cloud-init[1112]: ci-info: +-------+-------------+---------+-----------+-------+
[[0;32m  OK  [0m] Started Initial cloud-init job (metadata service crawler).
[[0;32m  OK  [0m] Reached target Cloud-config availability.
[[0;32m  OK  [0m] Reached target System Initialization.
[   10.207542] cloud-init[1112]: ci-info: |   0   |  fe80::/64  |    ::   |   enp0s8  |   U   |
[   10.219929] cloud-init[1112]: ci-info: |   1   |  fe80::/64  |    ::   |   enp0s3  |   U   |
[   10.221150] cloud-init[1112]: ci-info: |   4   |   ff00::/8  |    ::   |   enp0s8  |   U   |
[   10.222283] cloud-init[1112]: ci-info: |   5   |   ff00::/8  |    ::   |   enp0s3  |   U   |
[[0;32m  OK  [0m] Started Message of the Day.
[[0;32m  OK  [0m] Listening on UUID daemon activation socket.
[   10.225859] cloud-init[1112]: ci-info: +-------+-------------+---------+-----------+-------+
[[0;32m  OK  [0m] Started Daily apt download activities.
[[0;32m  OK  [0m] Started Daily apt upgrade and clean activities.
         Starting Socket activation for snappy daemon.
[[0;32m  OK  [0m] Listening on ACPID Listen Socket.
         Starting LXD - unix socket.
[[0;32m  OK  [0m] Started Daily Cleanup of Temporary Directories.
[[0;32m  OK  [0m] Reached target Timers.
[[0;32m  OK  [0m] Started ACPI Events Check.
[[0;32m  OK  [0m] Reached target Paths.
[[0;32m  OK  [0m] Listening on D-Bus System Message Bus Socket.
[[0;32m  OK  [0m] Reached target Network is Online.
         Starting iSCSI initiator daemon (iscsid)...
[[0;32m  OK  [0m] Listening on Socket activation for snappy daemon.
[[0;32m  OK  [0m] Listening on LXD - unix socket.
[[0;32m  OK  [0m] Reached target Sockets.
[[0;32m  OK  [0m] Reached target Basic System.
         Starting Virtualbox guest utils...
[[0;32m  OK  [0m] Started FUSE filesystem for LXC.
         Starting LXD - container startup/shutdown...
         Starting LSB: Record successful boot for GRUB...
[[0;32m  OK  [0m] Started D-Bus System Message Bus.
         Starting Login Service...
         Starting System Logging Service...
[[0;32m  OK  [0m] Started ACPI event daemon.
[[0;32m  OK  [0m] Started Regular background program processing daemon.
         Starting Accounts Service...
         Starting /etc/rc.local Compatibility...
         Starting LSB: MD monitoring daemon...
[[0;32m  OK  [0m] Started Deferred execution scheduler.
         Starting OpenBSD Secure Shell server...
         Starting Message of the Day...
         Starting Snap Daemon...
[[0;32m  OK  [0m] Started iSCSI initiator daemon (iscsid).
[[0;32m  OK  [0m] Started /etc/rc.local Compatibility.
[[0;32m  OK  [0m] Started Message of the Day.
         Starting Login to default iSCSI targets...
[[0;32m  OK  [0m] Started System Logging Service.
[[0;32m  OK  [0m] Started LSB: Record successful boot for GRUB.
[[0;32m  OK  [0m] Started Login Service.
[[0;32m  OK  [0m] Started Unattended Upgrades Shutdown.
[[0;32m  OK  [0m] Started Login to default iSCSI targets.
[[0;32m  OK  [0m] Started LXD - container startup/shutdown.
[[0;32m  OK  [0m] Reached target Remote File Systems (Pre).
[[0;32m  OK  [0m] Reached target Remote File Systems.
         Starting Permit User Sessions...
         Starting LSB: daemon to balance interrupts for SMP systems...
         Starting LSB: automatic crash report generation...
         Starting LSB: Start and stop the mysql database server daemon...
         Starting LSB: Apache2 web server...
         Starting LSB: Set the CPU Frequency Scaling governor to "ondemand"...
[[0;32m  OK  [0m] Started LSB: MD monitoring daemon.
[[0;32m  OK  [0m] Started Permit User Sessions.
         Starting Hold until boot process finishes up...
         Starting Terminate Plymouth Boot Screen...
[[0;32m  OK  [0m] Started Hold until boot process finishes up.
[[0;32m  OK  [0m] Started Getty on tty1.
[[0;32m  OK  [0m] Started Serial Getty on ttyS0.
[[0;32m  OK  [0m] Reached target Login Prompts.
         Starting Set console scheme...
[[0;32m  OK  [0m] Started Terminate Plymouth Boot Screen.
[[0;32m  OK  [0m] Started Set console scheme.
         Starting Authenticate and Authorize Users to Run Privileged Tasks...
[[0;32m  OK  [0m] Started LSB: daemon to balance interrupts for SMP systems.
[[0;32m  OK  [0m] Started LSB: Set the CPU Frequency Scaling governor to "ondemand".
[[0;32m  OK  [0m] Started OpenBSD Secure Shell server.
[[0;32m  OK  [0m] Started LSB: automatic crash report generation.
[[0;32m  OK  [0m] Started Authenticate and Authorize Users to Run Privileged Tasks.
[[0;32m  OK  [0m] Started Accounts Service.
[[0;32m  OK  [0m] Started Virtualbox guest utils.
[[0;32m  OK  [0m] Started Snap Daemon.
         Starting Wait until snapd is fully seeded...
[[0;32m  OK  [0m] Started Wait until snapd is fully seeded.
         Starting Apply the settings specified in cloud-config...
[[0;32m  OK  [0m] Started LSB: Apache2 web server.
[   12.687810] cloud-init[1443]: Cloud-init v. 20.3-2-g371b392c-0ubuntu1~16.04.1 running 'modules:config' at Tue, 05 Jan 2021 16:44:54 +0000. Up 12.41 seconds.
[[0;32m  OK  [0m] Started Apply the settings specified in cloud-config.
[[0;32m  OK  [0m] Started LSB: Start and stop the mysql database server daemon.
[[0;32m  OK  [0m] Reached target Multi-User System.
         Starting Execute cloud user/final scripts...
[[0;32m  OK  [0m] Reached target Graphical Interface.
         Starting Update UTMP about System Runlevel Changes...
[[0;32m  OK  [0m] Started Update UTMP about System Runlevel Changes.
[   14.246141] cloud-init[1668]: Cloud-init v. 20.3-2-g371b392c-0ubuntu1~16.04.1 running 'modules:final' at Tue, 05 Jan 2021 16:44:56 +0000. Up 14.03 seconds.
[   14.252509] cloud-init[1668]: Cloud-init v. 20.3-2-g371b392c-0ubuntu1~16.04.1 finished at Tue, 05 Jan 2021 16:44:56 +0000. Datasource DataSourceNoCloud [seed=/dev/sdb][dsmode=net].  Up 14.23 seconds
[[0;32m  OK  [0m] Started Execute cloud user/final scripts.
[[0;32m  OK  [0m] Reached target Cloud-init target.

Ubuntu 16.04.7 LTS web ttyS0

web login: 